<?xml version="1.0" encoding="UTF-8"?>
<testsuite name="com.pawfect.userpaw.UserpawApplicationTests" tests="1" skipped="0" failures="0" errors="0" timestamp="2024-12-04T03:27:32" hostname="Uriels-MacBook-Pro.local" time="0.67">
  <properties/>
  <testcase name="contextLoads()" classname="com.pawfect.userpaw.UserpawApplicationTests" time="0.67"/>
  <system-out><![CDATA[21:27:26.226 [Test worker] INFO org.springframework.test.context.support.AnnotationConfigContextLoaderUtils -- Could not detect default configuration classes for test class [com.pawfect.userpaw.UserpawApplicationTests]: UserpawApplicationTests does not declare any static, non-private, non-final, nested classes annotated with @Configuration.
21:27:26.362 [Test worker] INFO org.springframework.boot.test.context.SpringBootTestContextBootstrapper -- Found @SpringBootConfiguration com.pawfect.userpaw.UserpawApplication for test class com.pawfect.userpaw.UserpawApplicationTests

  .   ____          _            __ _ _
 /\\ / ___'_ __ _ _(_)_ __  __ _ \ \ \ \
( ( )\___ | '_ | '_| | '_ \/ _` | \ \ \ \
 \\/  ___)| |_)| | | | | || (_| |  ) ) ) )
  '  |____| .__|_| |_|_| |_\__, | / / / /
 =========|_|==============|___/=/_/_/_/

 :: Spring Boot ::                (v3.4.0)

2024-12-03T21:27:27.078-06:00  INFO 23023 --- [userpaw] [    Test worker] c.p.userpaw.UserpawApplicationTests      : Starting UserpawApplicationTests using Java 17.0.9 with PID 23023 (started by mimihuerta in /Users/mimihuerta/Desktop/proyecto-integrador/userpaw)
2024-12-03T21:27:27.080-06:00  INFO 23023 --- [userpaw] [    Test worker] c.p.userpaw.UserpawApplicationTests      : No active profile set, falling back to 1 default profile: "default"
2024-12-03T21:27:27.855-06:00  INFO 23023 --- [userpaw] [    Test worker] .s.d.r.c.RepositoryConfigurationDelegate : Bootstrapping Spring Data JPA repositories in DEFAULT mode.
2024-12-03T21:27:27.940-06:00  INFO 23023 --- [userpaw] [    Test worker] .s.d.r.c.RepositoryConfigurationDelegate : Finished Spring Data repository scanning in 63 ms. Found 1 JPA repository interface.
2024-12-03T21:27:28.547-06:00  INFO 23023 --- [userpaw] [    Test worker] o.hibernate.jpa.internal.util.LogHelper  : HHH000204: Processing PersistenceUnitInfo [name: default]
2024-12-03T21:27:28.606-06:00  INFO 23023 --- [userpaw] [    Test worker] org.hibernate.Version                    : HHH000412: Hibernate ORM core version 6.6.2.Final
2024-12-03T21:27:28.654-06:00  INFO 23023 --- [userpaw] [    Test worker] o.h.c.internal.RegionFactoryInitiator    : HHH000026: Second-level cache disabled
2024-12-03T21:27:28.966-06:00  INFO 23023 --- [userpaw] [    Test worker] o.s.o.j.p.SpringPersistenceUnitInfo      : No LoadTimeWeaver setup: ignoring JPA class transformer
2024-12-03T21:27:28.995-06:00  INFO 23023 --- [userpaw] [    Test worker] com.zaxxer.hikari.HikariDataSource       : HikariPool-1 - Starting...
2024-12-03T21:27:29.389-06:00  INFO 23023 --- [userpaw] [    Test worker] com.zaxxer.hikari.pool.HikariPool        : HikariPool-1 - Added connection com.mysql.cj.jdbc.ConnectionImpl@7af9595d
2024-12-03T21:27:29.391-06:00  INFO 23023 --- [userpaw] [    Test worker] com.zaxxer.hikari.HikariDataSource       : HikariPool-1 - Start completed.
2024-12-03T21:27:29.499-06:00  INFO 23023 --- [userpaw] [    Test worker] org.hibernate.orm.connections.pooling    : HHH10001005: Database info:
	Database JDBC URL [Connecting through datasource 'HikariDataSource (HikariPool-1)']
	Database driver: undefined/unknown
	Database version: 8.4.3
	Autocommit mode: undefined/unknown
	Isolation level: undefined/unknown
	Minimum pool size: undefined/unknown
	Maximum pool size: undefined/unknown
2024-12-03T21:27:30.577-06:00  INFO 23023 --- [userpaw] [    Test worker] o.h.e.t.j.p.i.JtaPlatformInitiator       : HHH000489: No JTA platform available (set 'hibernate.transaction.jta.platform' to enable JTA platform integration)
2024-12-03T21:27:30.676-06:00  INFO 23023 --- [userpaw] [    Test worker] j.LocalContainerEntityManagerFactoryBean : Initialized JPA EntityManagerFactory for persistence unit 'default'
2024-12-03T21:27:30.936-06:00  INFO 23023 --- [userpaw] [    Test worker] o.s.d.j.r.query.QueryEnhancerFactory     : Hibernate is in classpath; If applicable, HQL parser will be used.
2024-12-03T21:27:31.713-06:00  WARN 23023 --- [userpaw] [    Test worker] JpaBaseConfiguration$JpaWebConfiguration : spring.jpa.open-in-view is enabled by default. Therefore, database queries may be performed during view rendering. Explicitly configure spring.jpa.open-in-view to disable this warning
2024-12-03T21:27:31.753-06:00  INFO 23023 --- [userpaw] [    Test worker] o.s.b.a.w.s.WelcomePageHandlerMapping    : Adding welcome page: class path resource [static/index.html]
2024-12-03T21:27:32.318-06:00  INFO 23023 --- [userpaw] [    Test worker] c.p.userpaw.UserpawApplicationTests      : Started UserpawApplicationTests in 5.717 seconds (process running for 7.305)
]]></system-out>
  <system-err><![CDATA[]]></system-err>
</testsuite>
